Record #,Time (UTC),Level,Event ID,Provider,Channel,Computer,AvFlags,AvFlagsStr,AvlFlags,AvlFlagsStr,ChannelBindingStatus,ClientIP,ClientNetworkName,DomainName,Hostname,Mic Status,NegotiatedFlags,NtlmUsageId,NtlmUsageReason,NtlmVersion,ProcessName,ProcessPID,RemoteClientMachine,ServiceBinding,SessionKeyStatus,SingleSignOn,Status,StatusMsg,TargetDomain,TargetIP,TargetMachine,TargetNetworkName,TargetService,Username
1,2026-09-08T21:01:26.233668+00:00,Warning,4023,Microsoft-Windows-NTLM,Microsoft-Windows-NTLM/Operational,DESKTOP-9VL5A7L,0x0,None,,,Not Supported,10.0.2.2,Null,Null,,Unprotected,0xe0088235,,,NTLMv2,svchost (WinRM),0x23b0,Null,DESKTOP-9VL5A7L,Present,,0x0,0,Not Found,,DESKTOP-9VL5A7L,,,vagrant
2,2026-09-08T21:01:27.848299+00:00,Warning,4023,Microsoft-Windows-NTLM,Microsoft-Windows-NTLM/Operational,DESKTOP-9VL5A7L,0x0,None,,,Not Supported,10.0.2.2,Null,Null,,Unprotected,0xe0088235,,,NTLMv2,svchost (WinRM),0x23b0,Null,DESKTOP-9VL5A7L,Present,,0x0,0,Not Found,,DESKTOP-9VL5A7L,,,vagrant
3,2026-09-08T21:01:40.343271+00:00,Warning,4023,Microsoft-Windows-NTLM,Microsoft-Windows-NTLM/Operational,DESKTOP-9VL5A7L,0x0,None,,,Not Supported,10.0.2.2,Null,Null,,Unprotected,0xe0088235,,,NTLMv2,svchost (WinRM),0x23b0,Null,DESKTOP-9VL5A7L,Present,,0x0,0,Not Found,,DESKTOP-9VL5A7L,,,vagrant
4,2026-09-08T21:01:40.870380+00:00,Warning,4023,Microsoft-Windows-NTLM,Microsoft-Windows-NTLM/Operational,DESKTOP-9VL5A7L,0x0,None,,,Not Supported,10.0.2.2,Null,Null,,Unprotected,0xe0088235,,,NTLMv2,svchost (WinRM),0x23b0,Null,DESKTOP-9VL5A7L,Present,,0x0,0,Not Found,,DESKTOP-9VL5A7L,,,vagrant
5,2026-09-08T21:01:41.403981+00:00,Warning,4023,Microsoft-Windows-NTLM,Microsoft-Windows-NTLM/Operational,DESKTOP-9VL5A7L,0x0,None,,,Not Supported,10.0.2.2,Null,Null,,Unprotected,0xe0088235,,,NTLMv2,svchost (WinRM),0x23b0,Null,DESKTOP-9VL5A7L,Present,,0x0,0,Not Found,,DESKTOP-9VL5A7L,,,vagrant
6,2026-09-08T21:01:41.811979+00:00,Warning,4023,Microsoft-Windows-NTLM,Microsoft-Windows-NTLM/Operational,DESKTOP-9VL5A7L,0x0,None,,,Not Supported,10.0.2.2,Null,Null,,Unprotected,0xe0088235,,,NTLMv2,svchost (WinRM),0x23b0,Null,DESKTOP-9VL5A7L,Present,,0x0,0,Not Found,,DESKTOP-9VL5A7L,,,vagrant
7,2026-09-08T21:02:01.060058+00:00,Warning,4023,Microsoft-Windows-NTLM,Microsoft-Windows-NTLM/Operational,DESKTOP-9VL5A7L,0x0,None,,,Not Supported,10.0.2.2,Null,Null,,Unprotected,0xe0088235,,,NTLMv2,svchost (WinRM),0x23b0,Null,DESKTOP-9VL5A7L,Present,,0x0,0,Not Found,,DESKTOP-9VL5A7L,,,vagrant
8,2026-09-08T21:02:01.558168+00:00,Warning,4023,Microsoft-Windows-NTLM,Microsoft-Windows-NTLM/Operational,DESKTOP-9VL5A7L,0x0,None,,,Not Supported,10.0.2.2,Null,Null,,Unprotected,0xe0088235,,,NTLMv2,svchost (WinRM),0x23b0,Null,DESKTOP-9VL5A7L,Present,,0x0,0,Not Found,,DESKTOP-9VL5A7L,,,vagrant
9,2026-09-08T21:02:01.940725+00:00,Warning,4023,Microsoft-Windows-NTLM,Microsoft-Windows-NTLM/Operational,DESKTOP-9VL5A7L,0x0,None,,,Not Supported,10.0.2.2,Null,Null,,Unprotected,0xe0088235,,,NTLMv2,svchost (WinRM),0x23b0,Null,DESKTOP-9VL5A7L,Present,,0x0,0,Not Found,,DESKTOP-9VL5A7L,,,vagrant
10,2026-09-08T21:02:22.143301+00:00,Warning,4021,Microsoft-Windows-NTLM,Microsoft-Windows-NTLM/Operational,DESKTOP-9VL5A7L,,,0x0,None,Not Supported,,,ANONYMOUS LOGON,WIN-NMVE917FCFR,Unprotected,0xe2888a35,5,The target name was missing or empty.,NTLMv1,powershell,0x424,,Not Found,Present,Single Sign-On,,,Not Found,Null,Not Found,Null,HOST/DESKTOP-9VL5A7L,ANONYMOUS LOGON
11,2026-09-08T21:02:22.148342+00:00,Warning,4023,Microsoft-Windows-NTLM,Microsoft-Windows-NTLM/Operational,DESKTOP-9VL5A7L,0x0,None,,,Not Supported,::1,Null,ANONYMOUS LOGON,,Unprotected,0xe2888a35,,,NTLMv1,svchost (WinRM),0x23b0,WIN-NMVE917FCFR,Not Found,Present,,0x0,0,Not Found,,Not Found,,,ANONYMOUS LOGON
12,2026-09-08T21:02:22.169641+00:00,Warning,4021,Microsoft-Windows-NTLM,Microsoft-Windows-NTLM/Operational,DESKTOP-9VL5A7L,,,0x0,None,Not Supported,,,ANONYMOUS LOGON,WIN-NMVE917FCFR,Unprotected,0xe2888a35,5,The target name was missing or empty.,NTLMv1,powershell,0x424,,Not Found,Present,Single Sign-On,,,Not Found,Null,Not Found,Null,HOST/DESKTOP-9VL5A7L,ANONYMOUS LOGON
13,2026-09-08T21:02:22.183464+00:00,Warning,4023,Microsoft-Windows-NTLM,Microsoft-Windows-NTLM/Operational,DESKTOP-9VL5A7L,0x0,None,,,Not Supported,::1,Null,ANONYMOUS LOGON,,Unprotected,0xe2888a35,,,NTLMv1,svchost (WinRM),0x23b0,WIN-NMVE917FCFR,Not Found,Present,,0x0,0,Not Found,,Not Found,,,ANONYMOUS LOGON
14,2026-09-08T21:59:37.696437+00:00,Warning,4021,Microsoft-Windows-NTLM,Microsoft-Windows-NTLM/Operational,ws02.core.diogenes.htb,,,0x0,None,Not Supported,,,ANONYMOUS LOGON,WS02,Unprotected,0xe2888a35,2,Authenticating a Local Account.,NTLMv1,powershell,0x10c0,,Not Found,Present,Single Sign-On,,,Not Found,Null,Not Found,Null,ldap/dc02.core.diogenes.htb/core.diogenes.htb@CORE.DIOGENES.HTB,ANONYMOUS LOGON
15,2026-09-08T22:17:51.604959+00:00,Warning,4021,Microsoft-Windows-NTLM,Microsoft-Windows-NTLM/Operational,ws02.core.diogenes.htb,,,0x0,None,Not Supported,,,ANONYMOUS LOGON,WS02,Unprotected,0xe2888a35,2,Authenticating a Local Account.,NTLMv1,powershell,0xfc8,,Not Found,Present,Single Sign-On,,,Not Found,Null,Not Found,Null,ldap/dc02.core.diogenes.htb/core.diogenes.htb@CORE.DIOGENES.HTB,ANONYMOUS LOGON
16,2026-09-08T22:26:11.176566+00:00,Warning,4023,Microsoft-Windows-NTLM,Microsoft-Windows-NTLM/Operational,ws02.core.diogenes.htb,0x0,None,,,Not Supported,10.0.2.2,Null,Null,,Unprotected,0xe0088235,,,NTLMv2,svchost (WinRM),0xd3c,Null,ws02.core.diogenes.htb,Present,,0x0,0,Not Found,,core.diogenes.htb,,,vagrant
17,2026-09-09T19:02:44.269118+00:00,Warning,4023,Microsoft-Windows-NTLM,Microsoft-Windows-NTLM/Operational,ws02.core.diogenes.htb,0x0,None,,,Not Supported,10.0.2.2,Null,Null,,Unprotected,0xe0088235,,,NTLMv2,svchost (WinRM),0xd88,Null,ws02.core.diogenes.htb,Present,,0x0,0,Not Found,,core.diogenes.htb,,,vagrant
18,2026-09-09T19:02:45.031991+00:00,Warning,4023,Microsoft-Windows-NTLM,Microsoft-Windows-NTLM/Operational,ws02.core.diogenes.htb,0x0,None,,,Not Supported,10.0.2.2,Null,Null,,Unprotected,0xe0088235,,,NTLMv2,svchost (WinRM),0xd88,Null,ws02.core.diogenes.htb,Present,,0x0,0,Not Found,,core.diogenes.htb,,,vagrant
19,2026-09-09T19:02:53.846103+00:00,Warning,4023,Microsoft-Windows-NTLM,Microsoft-Windows-NTLM/Operational,ws02.core.diogenes.htb,0x0,None,,,Not Supported,10.0.2.2,Null,Null,,Unprotected,0xe0088235,,,NTLMv2,svchost (WinRM),0xd88,Null,ws02.core.diogenes.htb,Present,,0x0,0,Not Found,,core.diogenes.htb,,,vagrant
20,2026-09-09T19:20:17.399735+00:00,Information,4022,Microsoft-Windows-NTLM,Microsoft-Windows-NTLM/Operational,ws02.core.diogenes.htb,0x2,MIC Provided,,,Supported,192.168.56.1,Null,DIOCORE,,Protected,0xe288b235,,,NTLMv2,lsass,0x320,unhappy-meal,ws02.core.diogenes.htb,Present,,0xc000006d,3221225581,TERMSRV/192.168.56.22,,core.diogenes.htb,,,afenwick
21,2026-09-09T19:33:15.278608+00:00,Warning,4023,Microsoft-Windows-NTLM,Microsoft-Windows-NTLM/Operational,ws02.core.diogenes.htb,0x0,None,,,Not Supported,10.0.2.2,Null,Null,,Unprotected,0xe0088235,,,NTLMv2,svchost (WinRM),0xd88,Null,ws02.core.diogenes.htb,Present,,0x0,0,Not Found,,core.diogenes.htb,,,vagrant
22,2026-09-09T19:37:11.456326+00:00,Warning,4023,Microsoft-Windows-NTLM,Microsoft-Windows-NTLM/Operational,ws02.core.diogenes.htb,0x0,None,,,Not Supported,10.0.2.2,Null,Null,,Unprotected,0xe0088235,,,NTLMv2,svchost (WinRM),0xe78,Null,ws02.core.diogenes.htb,Present,,0x0,0,Not Found,,core.diogenes.htb,,,vagrant
23,2026-09-09T19:37:12.116985+00:00,Warning,4023,Microsoft-Windows-NTLM,Microsoft-Windows-NTLM/Operational,ws02.core.diogenes.htb,0x0,None,,,Not Supported,10.0.2.2,Null,Null,,Unprotected,0xe0088235,,,NTLMv2,svchost (WinRM),0xe78,Null,ws02.core.diogenes.htb,Present,,0x0,0,Not Found,,core.diogenes.htb,,,vagrant
24,2026-09-09T19:37:22.545204+00:00,Warning,4023,Microsoft-Windows-NTLM,Microsoft-Windows-NTLM/Operational,ws02.core.diogenes.htb,0x0,None,,,Not Supported,10.0.2.2,Null,Null,,Unprotected,0xe0088235,,,NTLMv2,svchost (WinRM),0xe78,Null,ws02.core.diogenes.htb,Present,,0x0,0,Not Found,,core.diogenes.htb,,,vagrant
25,2026-09-09T19:42:58.719422+00:00,Information,4022,Microsoft-Windows-NTLM,Microsoft-Windows-NTLM/Operational,ws02.core.diogenes.htb,0x2,MIC Provided,,,Supported,192.168.56.1,Null,DIOCORE,,Protected,0xe288b235,,,NTLMv2,lsass,0x324,unhappy-meal,ws02.core.diogenes.htb,Present,,0x0,0,TERMSRV/192.168.56.22,,core.diogenes.htb,,,afenwick
26,2026-09-09T19:56:21.860889+00:00,Warning,4023,Microsoft-Windows-NTLM,Microsoft-Windows-NTLM/Operational,ws02.core.diogenes.htb,0x0,None,,,Not Supported,10.0.2.2,Null,Null,,Unprotected,0xe0088235,,,NTLMv2,svchost (WinRM),0xe78,Null,ws02.core.diogenes.htb,Present,,0x0,0,Not Found,,core.diogenes.htb,,,vagrant
27,2026-09-09T20:00:00.033616+00:00,Warning,4023,Microsoft-Windows-NTLM,Microsoft-Windows-NTLM/Operational,ws02.core.diogenes.htb,0x0,None,,,Not Supported,10.0.2.2,Null,Null,,Unprotected,0xe0088235,,,NTLMv2,svchost (WinRM),0xdc4,Null,ws02.core.diogenes.htb,Present,,0x0,0,Not Found,,core.diogenes.htb,,,vagrant
28,2026-09-09T20:00:00.871678+00:00,Warning,4023,Microsoft-Windows-NTLM,Microsoft-Windows-NTLM/Operational,ws02.core.diogenes.htb,0x0,None,,,Not Supported,10.0.2.2,Null,Null,,Unprotected,0xe0088235,,,NTLMv2,svchost (WinRM),0xdc4,Null,ws02.core.diogenes.htb,Present,,0x0,0,Not Found,,core.diogenes.htb,,,vagrant
29,2026-09-09T20:00:09.856794+00:00,Warning,4023,Microsoft-Windows-NTLM,Microsoft-Windows-NTLM/Operational,ws02.core.diogenes.htb,0x0,None,,,Not Supported,10.0.2.2,Null,Null,,Unprotected,0xe0088235,,,NTLMv2,svchost (WinRM),0xdc4,Null,ws02.core.diogenes.htb,Present,,0x0,0,Not Found,,core.diogenes.htb,,,vagrant
30,2026-09-09T20:02:18.807618+00:00,Warning,4023,Microsoft-Windows-NTLM,Microsoft-Windows-NTLM/Operational,ws02.core.diogenes.htb,0x0,None,,,Not Supported,10.0.2.2,Null,Null,,Unprotected,0xe0088235,,,NTLMv2,svchost (WinRM),0xdc4,Null,ws02.core.diogenes.htb,Present,,0x0,0,Not Found,,core.diogenes.htb,,,vagrant
31,2026-09-09T20:08:58.238169+00:00,Warning,4023,Microsoft-Windows-NTLM,Microsoft-Windows-NTLM/Operational,ws02.core.diogenes.htb,0x0,None,,,Not Supported,10.0.2.2,Null,Null,,Unprotected,0xe0088235,,,NTLMv2,svchost (WinRM),0xe1c,Null,ws02.core.diogenes.htb,Present,,0x0,0,Not Found,,core.diogenes.htb,,,vagrant
32,2026-09-09T20:08:59.167898+00:00,Warning,4023,Microsoft-Windows-NTLM,Microsoft-Windows-NTLM/Operational,ws02.core.diogenes.htb,0x0,None,,,Not Supported,10.0.2.2,Null,Null,,Unprotected,0xe0088235,,,NTLMv2,svchost (WinRM),0xe1c,Null,ws02.core.diogenes.htb,Present,,0x0,0,Not Found,,core.diogenes.htb,,,vagrant
33,2026-09-09T20:09:07.661930+00:00,Warning,4023,Microsoft-Windows-NTLM,Microsoft-Windows-NTLM/Operational,ws02.core.diogenes.htb,0x0,None,,,Not Supported,10.0.2.2,Null,Null,,Unprotected,0xe0088235,,,NTLMv2,svchost (WinRM),0xe1c,Null,ws02.core.diogenes.htb,Present,,0x0,0,Not Found,,core.diogenes.htb,,,vagrant
34,2026-09-09T20:15:06.546985+00:00,Information,4022,Microsoft-Windows-NTLM,Microsoft-Windows-NTLM/Operational,ws02.core.diogenes.htb,0x2,MIC Provided,,,Supported,192.168.56.1,Null,DIOCORE,,Protected,0xe288b235,,,NTLMv2,lsass,0x324,unhappy-meal,ws02.core.diogenes.htb,Present,,0x0,0,TERMSRV/192.168.56.22,,core.diogenes.htb,,,afenwick
35,2026-09-09T20:22:21.901964+00:00,Information,4022,Microsoft-Windows-NTLM,Microsoft-Windows-NTLM/Operational,ws02.core.diogenes.htb,0x2,MIC Provided,,,Supported,192.168.56.1,Null,Null,,Protected,0xe288a235,,,NTLMv2,lsass,0x324,unhappy-meal,ws02.core.diogenes.htb,Present,,0x0,0,TERMSRV/192.168.56.22,,core.diogenes.htb,,,vagrant
36,2026-09-09T20:23:53.621556+00:00,Information,4022,Microsoft-Windows-NTLM,Microsoft-Windows-NTLM/Operational,ws02.core.diogenes.htb,0x2,MIC Provided,,,Supported,192.168.56.1,Null,DIOCORE,,Protected,0xe288b235,,,NTLMv2,lsass,0x324,unhappy-meal,ws02.core.diogenes.htb,Present,,0x0,0,TERMSRV/192.168.56.22,,core.diogenes.htb,,,afenwick
37,2026-09-09T20:24:21.752683+00:00,Warning,4023,Microsoft-Windows-NTLM,Microsoft-Windows-NTLM/Operational,ws02.core.diogenes.htb,0x0,None,,,Not Supported,10.0.2.2,Null,Null,,Unprotected,0xe0088235,,,NTLMv2,svchost (WinRM),0xe1c,Null,ws02.core.diogenes.htb,Present,,0x0,0,Not Found,,core.diogenes.htb,,,vagrant
38,2026-09-09T20:29:53.396404+00:00,Warning,4023,Microsoft-Windows-NTLM,Microsoft-Windows-NTLM/Operational,ws02.core.diogenes.htb,0x0,None,,,Not Supported,10.0.2.2,Null,Null,,Unprotected,0xe0088235,,,NTLMv2,svchost (WinRM),0xd94,Null,ws02.core.diogenes.htb,Present,,0x0,0,Not Found,,core.diogenes.htb,,,vagrant
39,2026-09-09T20:29:54.689054+00:00,Warning,4023,Microsoft-Windows-NTLM,Microsoft-Windows-NTLM/Operational,ws02.core.diogenes.htb,0x0,None,,,Not Supported,10.0.2.2,Null,Null,,Unprotected,0xe0088235,,,NTLMv2,svchost (WinRM),0xd94,Null,ws02.core.diogenes.htb,Present,,0x0,0,Not Found,,core.diogenes.htb,,,vagrant
40,2026-09-09T20:30:03.973844+00:00,Warning,4023,Microsoft-Windows-NTLM,Microsoft-Windows-NTLM/Operational,ws02.core.diogenes.htb,0x0,None,,,Not Supported,10.0.2.2,Null,Null,,Unprotected,0xe0088235,,,NTLMv2,svchost (WinRM),0xd94,Null,ws02.core.diogenes.htb,Present,,0x0,0,Not Found,,core.diogenes.htb,,,vagrant
41,2026-09-09T20:31:24.262420+00:00,Information,4022,Microsoft-Windows-NTLM,Microsoft-Windows-NTLM/Operational,ws02.core.diogenes.htb,0x2,MIC Provided,,,Supported,192.168.56.1,Null,DIOCORE,,Protected,0xe288b235,,,NTLMv2,lsass,0x328,unhappy-meal,ws02.core.diogenes.htb,Present,,0x0,0,TERMSRV/192.168.56.22,,core.diogenes.htb,,,afenwick
42,2026-09-09T20:31:31.149150+00:00,Information,4022,Microsoft-Windows-NTLM,Microsoft-Windows-NTLM/Operational,ws02.core.diogenes.htb,0x2,MIC Provided,,,Supported,192.168.56.1,Null,Null,,Protected,0xe288a235,,,NTLMv2,lsass,0x328,unhappy-meal,ws02.core.diogenes.htb,Present,,0x0,0,TERMSRV/192.168.56.22,,core.diogenes.htb,,,vagrant
43,2026-09-09T20:32:16.382479+00:00,Information,4022,Microsoft-Windows-NTLM,Microsoft-Windows-NTLM/Operational,ws02.core.diogenes.htb,0x2,MIC Provided,,,Supported,192.168.56.1,Null,DIOCORE,,Protected,0xe288b235,,,NTLMv2,lsass,0x328,unhappy-meal,ws02.core.diogenes.htb,Present,,0x0,0,TERMSRV/192.168.56.22,,core.diogenes.htb,,,afenwick
44,2026-09-09T20:44:11.745044+00:00,Warning,4021,Microsoft-Windows-NTLM,Microsoft-Windows-NTLM/Operational,ws02.core.diogenes.htb,,,0x0,None,Supported,,,DIOCORE,WS02,Unprotected,0xa2888205,1,NTLM was called directly by the calling application.,NTLMv2,winupdate,0x1798,,Unknown,Missing,Single Sign-On,,,Not Found,Null,Not Found,Null,Null,afenwick
45,2026-09-09T20:54:44.409962+00:00,Information,4022,Microsoft-Windows-NTLM,Microsoft-Windows-NTLM/Operational,ws02.core.diogenes.htb,0x2,MIC Provided,,,Supported,192.168.56.1,Null,DIOCORE,,Protected,0xe288b235,,,NTLMv2,lsass,0x328,unhappy-meal,ws02.core.diogenes.htb,Present,,0x0,0,TERMSRV/192.168.56.22,,core.diogenes.htb,,,afenwick
46,2026-09-09T20:54:49.096904+00:00,Information,4022,Microsoft-Windows-NTLM,Microsoft-Windows-NTLM/Operational,ws02.core.diogenes.htb,0x2,MIC Provided,,,Supported,192.168.56.1,Null,Null,,Protected,0xe288a235,,,NTLMv2,lsass,0x328,unhappy-meal,ws02.core.diogenes.htb,Present,,0x0,0,TERMSRV/192.168.56.22,,core.diogenes.htb,,,vagrant